<?xml version="1.0" encoding="UTF-8"?>
<!-- Generated by org.testng.reporters.JUnitReportReporter -->
<testsuite skipped="0" hostname="SHASHANK_SUDHIR" name="FirstTestNGClass" tests="7" failures="0" timestamp="2020-03-03T08:48:04 IST" time="0.056" errors="0">
  <testcase name="test2" time="0.003" classname="FirstTestNGClass"/>
  <testcase name="test6" time="0.002" classname="FirstTestNGClass"/>
  <testcase name="test4" time="0.001" classname="FirstTestNGClass"/>
  <testcase name="test3" time="0.003" classname="FirstTestNGClass"/>
  <testcase name="test1" time="0.041" classname="FirstTestNGClass"/>
  <testcase name="test7" time="0.004" classname="FirstTestNGClass"/>
  <testcase name="test5" time="0.002" classname="FirstTestNGClass"/>
</testsuite> <!-- FirstTestNGClass -->
