<?xml version="1.0" encoding="UTF-8"?>
<!-- Generated by org.testng.reporters.JUnitReportReporter -->
<testsuite skipped="0" hostname="SHASHANK_SUDHIR" name="testngAnnotations.FirstTestNGClass" tests="14" failures="0" timestamp="2020-03-03T18:08:28 IST" time="0.065" errors="0">
  <testcase name="test1" time="0.004" classname="testngAnnotations.FirstTestNGClass"/>
  <testcase name="test4" time="0.003" classname="testngAnnotations.FirstTestNGClass"/>
  <testcase name="test3" time="0.002" classname="testngAnnotations.FirstTestNGClass"/>
  <testcase name="test2" time="0.008" classname="testngAnnotations.FirstTestNGClass"/>
  <testcase name="test6" time="0.007" classname="testngAnnotations.FirstTestNGClass"/>
  <testcase name="test2" time="0.006" classname="testngAnnotations.FirstTestNGClass"/>
  <testcase name="test6" time="0.003" classname="testngAnnotations.FirstTestNGClass"/>
  <testcase name="test4" time="0.002" classname="testngAnnotations.FirstTestNGClass"/>
  <testcase name="test1" time="0.005" classname="testngAnnotations.FirstTestNGClass"/>
  <testcase name="test3" time="0.004" classname="testngAnnotations.FirstTestNGClass"/>
  <testcase name="test7" time="0.001" classname="testngAnnotations.FirstTestNGClass"/>
  <testcase name="test7" time="0.005" classname="testngAnnotations.FirstTestNGClass"/>
  <testcase name="test5" time="0.012" classname="testngAnnotations.FirstTestNGClass"/>
  <testcase name="test5" time="0.003" classname="testngAnnotations.FirstTestNGClass"/>
</testsuite> <!-- testngAnnotations.FirstTestNGClass -->
