<?xml version="1.0" encoding="UTF-8"?>
<!-- Generated by org.testng.reporters.JUnitReportReporter -->
<testsuite skipped="2" hostname="SHASHANK_SUDHIR" name="testngAnnotations.LearnDataProvider" tests="10" failures="0" timestamp="2020-03-10T10:02:30 IST" time="0.048" errors="0">
  <testcase name="test1" time="0.003" classname="testngAnnotations.LearnDataProvider"/>
  <testcase name="test1" time="0.009" classname="testngAnnotations.LearnDataProvider"/>
  <testcase name="test1" time="0.014" classname="testngAnnotations.LearnDataProvider"/>
  <testcase name="test1" time="0.003" classname="testngAnnotations.LearnDataProvider"/>
  <testcase name="test1" time="0.010" classname="testngAnnotations.LearnDataProvider"/>
  <testcase name="test1" time="0.002" classname="testngAnnotations.LearnDataProvider"/>
  <testcase name="test1" time="0.004" classname="testngAnnotations.LearnDataProvider"/>
  <testcase name="test1" time="0.003" classname="testngAnnotations.LearnDataProvider"/>
  <testcase name="Test1" classname="testngAnnotations.LearnDataProvider">
    <skipped/>
  </testcase> <!-- Test1 -->
  <testcase name="Test1" classname="testngAnnotations.LearnDataProvider">
    <skipped/>
  </testcase> <!-- Test1 -->
</testsuite> <!-- testngAnnotations.LearnDataProvider -->
