<?xml version="1.0" encoding="UTF-8"?>
<!-- Generated by org.testng.reporters.JUnitReportReporter -->
<testsuite skipped="0" hostname="SHASHANK_SUDHIR" name="testngAnnotations.LearnParameters" tests="1" failures="0" timestamp="2020-03-10T09:14:57 IST" time="0.030" errors="0">
  <testcase name="test1" time="0.030" classname="testngAnnotations.LearnParameters"/>
</testsuite> <!-- testngAnnotations.LearnParameters -->
