<?xml version="1.0" encoding="UTF-8"?>
<!-- Generated by org.testng.reporters.JUnitReportReporter -->
<testsuite skipped="0" hostname="SHASHANK_SUDHIR" name="camper.SelectPriceOption" tests="1" failures="0" timestamp="2020-03-03T23:13:36 IST" time="0.003" errors="0">
  <testcase name="PriceOption" time="0.003" classname="camper.SelectPriceOption"/>
</testsuite> <!-- camper.SelectPriceOption -->
