<?xml version="1.0" encoding="UTF-8"?>
<!-- Generated by org.testng.reporters.JUnitReportReporter -->
<testsuite skipped="0" hostname="SHASHANK_SUDHIR" name="motorcycle.EnterProductData" tests="1" failures="0" timestamp="2020-03-03T23:13:36 IST" time="0.003" errors="0">
  <testcase name="ProductData" time="0.003" classname="motorcycle.EnterProductData"/>
</testsuite> <!-- motorcycle.EnterProductData -->
