<?xml version="1.0" encoding="UTF-8"?>
<!-- Generated by org.testng.reporters.JUnitReportReporter -->
<testsuite skipped="0" hostname="SHASHANK_SUDHIR" name="head.HeadLessBrowser" tests="1" failures="0" timestamp="2020-06-26T11:03:19 IST" time="5.734" errors="0">
  <testcase name="verifyFacebooktitle" time="5.734" classname="head.HeadLessBrowser"/>
  <system-out/>
</testsuite> <!-- head.HeadLessBrowser -->
