<?xml version="1.0" encoding="UTF-8"?>
<!-- Generated by org.testng.reporters.JUnitReportReporter -->
<testsuite skipped="0" hostname="SHASHANK_SUDHIR" name="appTestCases.TestCase2" tests="1" failures="0" timestamp="2020-03-11T10:35:30 IST" time="12.154" errors="0">
  <testcase name="test2" time="12.154" classname="appTestCases.TestCase2"/>
</testsuite> <!-- appTestCases.TestCase2 -->
