<?xml version="1.0" encoding="UTF-8"?>
<!-- Generated by org.testng.reporters.JUnitReportReporter -->
<testsuite skipped="0" hostname="SHASHANK_SUDHIR" name="appTestCases.TestCase1" tests="1" failures="0" timestamp="2020-03-11T10:24:05 IST" time="2.956" errors="0">
  <testcase name="test" time="2.956" classname="appTestCases.TestCase1"/>
</testsuite> <!-- appTestCases.TestCase1 -->
