<?xml version="1.0" encoding="UTF-8"?>
<!-- Generated by org.testng.reporters.JUnitReportReporter -->
<testsuite skipped="0" hostname="SHASHANK_SUDHIR" name="truck.SelectPriceOption" tests="1" failures="0" timestamp="2020-03-04T10:34:19 IST" time="0.002" errors="0">
  <testcase name="PriceOption" time="0.002" classname="truck.SelectPriceOption"/>
</testsuite> <!-- truck.SelectPriceOption -->
