<?xml version="1.0" encoding="UTF-8"?>
<!-- Generated by org.testng.reporters.JUnitReportReporter -->
<testsuite skipped="0" hostname="SHASHANK_SUDHIR" name="automobile.EnterInsurantData" tests="1" failures="0" timestamp="2020-03-08T15:57:36 IST" time="5.895" errors="0">
  <testcase name="InsurantData" time="5.895" classname="automobile.EnterInsurantData"/>
</testsuite> <!-- automobile.EnterInsurantData -->
