<?xml version="1.0" encoding="UTF-8"?>
<!-- Generated by org.testng.reporters.JUnitReportReporter -->
<testsuite skipped="0" hostname="SHASHANK_SUDHIR" name="motorcycle.SendQuote" tests="1" failures="0" timestamp="2020-03-08T18:18:38 IST" time="1.974" errors="0">
  <testcase name="Quote" time="1.974" classname="motorcycle.SendQuote"/>
</testsuite> <!-- motorcycle.SendQuote -->
