<?xml version="1.0" encoding="UTF-8"?>
<!-- Generated by org.testng.reporters.JUnitReportReporter -->
<testsuite skipped="0" hostname="SHASHANK_SUDHIR" name="automobile.TestScript" tests="1" failures="0" timestamp="2020-03-05T10:17:24 IST" time="0.016" errors="0">
  <testcase name="test1" time="0.016" classname="automobile.TestScript"/>
</testsuite> <!-- automobile.TestScript -->
