<?xml version="1.0" encoding="UTF-8"?>
<!-- Generated by org.testng.reporters.JUnitReportReporter -->
<testsuite skipped="0" hostname="SHASHANK_SUDHIR" name="automobile.EnterVehicleData" tests="1" failures="0" timestamp="2020-03-08T22:05:40 IST" time="18.872" errors="0">
  <testcase name="VehicleData" time="18.872" classname="automobile.EnterVehicleData"/>
</testsuite> <!-- automobile.EnterVehicleData -->
