<?xml version="1.0" encoding="UTF-8"?>
<!-- Generated by org.testng.reporters.JUnitReportReporter -->
<testsuite skipped="0" hostname="SHASHANK_SUDHIR" name="samplePackage.TestScript1" tests="3" failures="0" timestamp="2020-03-04T10:34:19 IST" time="25.331" errors="0">
  <testcase name="test2" time="0.016" classname="samplePackage.TestScript1"/>
  <testcase name="test1" time="25.314" classname="samplePackage.TestScript1"/>
  <testcase name="test3" time="0.001" classname="samplePackage.TestScript1"/>
</testsuite> <!-- samplePackage.TestScript1 -->
