<?xml version="1.0" encoding="UTF-8"?>
<!-- Generated by org.testng.reporters.JUnitReportReporter -->
<testsuite skipped="0" hostname="SHASHANK_SUDHIR" name="truck.EnterVehicleData" tests="1" failures="0" timestamp="2020-03-08T18:18:38 IST" time="27.568" errors="0">
  <testcase name="Vehicledata" time="27.568" classname="truck.EnterVehicleData"/>
</testsuite> <!-- truck.EnterVehicleData -->
