<?xml version="1.0" encoding="UTF-8"?>
<!-- Generated by org.testng.reporters.JUnitReportReporter -->
<testsuite skipped="0" hostname="SHASHANK_SUDHIR" name="truck.EnterProductData" tests="1" failures="0" timestamp="2020-03-08T18:18:38 IST" time="1.053" errors="0">
  <testcase name="ProductData" time="1.053" classname="truck.EnterProductData"/>
</testsuite> <!-- truck.EnterProductData -->
