<?xml version="1.0" encoding="UTF-8"?>
<!-- Generated by org.testng.reporters.JUnitReportReporter -->
<testsuite skipped="0" hostname="SHASHANK_SUDHIR" name="automobile.SendQuote" tests="1" failures="0" timestamp="2020-03-08T15:57:36 IST" time="1.764" errors="0">
  <testcase name="Quote" time="1.764" classname="automobile.SendQuote"/>
</testsuite> <!-- automobile.SendQuote -->
