<?xml version="1.0" encoding="UTF-8"?>
<!-- Generated by org.testng.reporters.JUnitReportReporter -->
<testsuite skipped="0" hostname="SHASHANK_SUDHIR" name="camper.EnterVehicleData" tests="1" failures="0" timestamp="2020-03-08T18:18:38 IST" time="3.421" errors="0">
  <testcase name="VehicleData" time="3.421" classname="camper.EnterVehicleData"/>
</testsuite> <!-- camper.EnterVehicleData -->
