<?xml version="1.0" encoding="UTF-8"?>
<!-- Generated by org.testng.reporters.JUnitReportReporter -->
<testsuite skipped="0" hostname="SHASHANK_SUDHIR" name="truck.EnterInsurantData" tests="1" failures="0" timestamp="2020-03-08T18:18:38 IST" time="6.848" errors="0">
  <testcase name="InsurantData" time="6.848" classname="truck.EnterInsurantData"/>
</testsuite> <!-- truck.EnterInsurantData -->
